2020-12-07 14:00:34,148 INFO  [org.jboss.modules] (main) JBoss Modules version 1.9.1.Final-redhat-00001
2020-12-07 14:00:35,142 INFO  [org.jboss.msc] (main) JBoss MSC version 1.4.11.Final-redhat-00001
2020-12-07 14:00:35,150 INFO  [org.jboss.threads] (main) JBoss Threads version 2.3.3.Final-redhat-00001
2020-12-07 14:00:35,236 INFO  [org.jboss.as] (MSC service thread 1-2) WFLYSRV0049: JBoss EAP 7.3.0.GA (WildFly Core 10.1.2.Final-redhat-00001) starting
2020-12-07 14:00:35,237 DEBUG [org.jboss.as.config] (MSC service thread 1-2) Configured system properties:
	awt.toolkit = sun.awt.windows.WToolkit
	file.encoding = UTF-8
	file.encoding.pkg = sun.io
	file.separator = \
	java.awt.graphicsenv = sun.awt.Win32GraphicsEnvironment
	java.awt.headless = true
	java.awt.printerjob = sun.awt.windows.WPrinterJob
	java.class.path = D:\LVTN\jboss-eap-7.3\jboss-modules.jar
	java.class.version = 52.0
	java.endorsed.dirs = C:\Program Files\Java\jdk1.8.0_261\jre\lib\endorsed
	java.ext.dirs = C:\Program Files\Java\jdk1.8.0_261\jre\lib\ext;C:\Windows\Sun\Java\lib\ext
	java.home = C:\Program Files\Java\jdk1.8.0_261\jre
	java.io.tmpdir = C:\Users\cuongtq\AppData\Local\Temp\
	java.library.path = C:\Program Files\Java\jdk1.8.0_261\bin;C:\Windows\Sun\Java\bin;C:\Windows\system32;C:\Windows;C:\Program Files\Java\jdk1.8.0_261\jre\bin;native;C:/Users/cuongtq/.p2/pool/plugins/org.eclipse.justj.openjdk.hotspot.jre.full.win32.x86_64_14.0.2.v20200815-0932/jre/bin/server;C:/Users/cuongtq/.p2/pool/plugins/org.eclipse.justj.openjdk.hotspot.jre.full.win32.x86_64_14.0.2.v20200815-0932/jre/bin;C:\Program Files (x86)\Common Files\Oracle\Java\javapath;C:\Windows\system32;C:\Windows;C:\Windows\System32\Wbem;C:\Windows\System32\WindowsPowerShell\v1.0\;C:\Windows\System32\OpenSSH\;C:\Program Files\TortoiseSVN\bin;C:\Program Files\Microsoft SQL Server\Client SDK\ODBC\170\Tools\Binn\;C:\Program Files (x86)\Microsoft SQL Server\150\Tools\Binn\;C:\Program Files\Microsoft SQL Server\150\Tools\Binn\;C:\Program Files\Microsoft SQL Server\150\DTS\Binn\;C:\Program Files (x86)\Microsoft SQL Server\150\DTS\Binn\;C:\Users\cuongtq\AppData\Local\Microsoft\WindowsApps;C:\Users\cuongtq\AppData\Local\Programs\Microsoft VS Code\bin;C:\Users\cuongtq\AppData\Local\GitHubDesktop\bin;C:\Windows\system32;;.
	java.net.preferIPv4Stack = true
	java.runtime.name = Java(TM) SE Runtime Environment
	java.runtime.version = 1.8.0_261-b12
	java.specification.name = Java Platform API Specification
	java.specification.vendor = Oracle Corporation
	java.specification.version = 1.8
	java.util.logging.manager = org.jboss.logmanager.LogManager
	java.vendor = Oracle Corporation
	java.vendor.url = http://java.oracle.com/
	java.vendor.url.bug = http://bugreport.sun.com/bugreport/
	java.version = 1.8.0_261
	java.vm.info = mixed mode
	java.vm.name = Java HotSpot(TM) 64-Bit Server VM
	java.vm.specification.name = Java Virtual Machine Specification
	java.vm.specification.vendor = Oracle Corporation
	java.vm.specification.version = 1.8
	java.vm.vendor = Oracle Corporation
	java.vm.version = 25.261-b12
	javax.management.builder.initial = org.jboss.as.jmx.PluggableMBeanServerBuilder
	jboss.bind.address = localhost
	jboss.bind.address.management = localhost
	jboss.home.dir = D:\LVTN\jboss-eap-7.3
	jboss.host.name = desktop-suiaoug
	jboss.modules.dir = D:\LVTN\jboss-eap-7.3\modules
	jboss.modules.system.pkgs = org.jboss.byteman
	jboss.node.name = desktop-suiaoug
	jboss.qualified.host.name = desktop-suiaoug
	jboss.server.base.dir = D:\LVTN\jboss-eap-7.3\standalone
	jboss.server.config.dir = D:\LVTN\jboss-eap-7.3\standalone\configuration
	jboss.server.data.dir = D:\LVTN\jboss-eap-7.3\standalone\data
	jboss.server.deploy.dir = D:\LVTN\jboss-eap-7.3\standalone\data\content
	jboss.server.log.dir = D:\LVTN\jboss-eap-7.3\standalone\log
	jboss.server.name = desktop-suiaoug
	jboss.server.persist.config = true
	jboss.server.temp.dir = D:\LVTN\jboss-eap-7.3\standalone\tmp
	line.separator = 

	logging.configuration = file:D:\LVTN\jboss-eap-7.3\standalone\configuration\logging.properties
	module.path = D:\LVTN\jboss-eap-7.3\modules
	org.jboss.boot.log.file = D:\LVTN\jboss-eap-7.3\standalone\log\boot.log
	org.jboss.logmanager.nocolor = true
	org.jboss.resolver.warning = true
	os.arch = amd64
	os.name = Windows 10
	os.version = 10.0
	path.separator = ;
	program.name = JBossTools: Red Hat JBoss EAP 7.3
	sun.arch.data.model = 64
	sun.boot.class.path = C:\Program Files\Java\jdk1.8.0_261\jre\lib\resources.jar;C:\Program Files\Java\jdk1.8.0_261\jre\lib\rt.jar;C:\Program Files\Java\jdk1.8.0_261\jre\lib\sunrsasign.jar;C:\Program Files\Java\jdk1.8.0_261\jre\lib\jsse.jar;C:\Program Files\Java\jdk1.8.0_261\jre\lib\jce.jar;C:\Program Files\Java\jdk1.8.0_261\jre\lib\charsets.jar;C:\Program Files\Java\jdk1.8.0_261\jre\lib\jfr.jar;C:\Program Files\Java\jdk1.8.0_261\jre\classes
	sun.boot.library.path = C:\Program Files\Java\jdk1.8.0_261\jre\bin
	sun.cpu.endian = little
	sun.cpu.isalist = amd64
	sun.desktop = windows
	sun.io.unicode.encoding = UnicodeLittle
	sun.java.command = org.jboss.modules.Main -mp D:\LVTN\jboss-eap-7.3\modules org.jboss.as.standalone -b localhost --server-config=standalone.xml -Djboss.server.base.dir=D:\LVTN\jboss-eap-7.3\standalone
	sun.java.launcher = SUN_STANDARD
	sun.jnu.encoding = Cp1252
	sun.management.compiler = HotSpot 64-Bit Tiered Compilers
	sun.os.patch.level = 
	sun.rmi.dgc.client.gcInterval = 3600000
	sun.rmi.dgc.server.gcInterval = 3600000
	user.country = US
	user.dir = D:\LVTN\jboss-eap-7.3\bin
	user.home = C:\Users\cuongtq
	user.language = en
	user.name = cuongtq
	user.script = 
	user.timezone = Asia/Bangkok
	user.variant = 
2020-12-07 14:00:35,243 DEBUG [org.jboss.as.config] (MSC service thread 1-2) VM Arguments: -agentlib:jdwp=transport=dt_socket,suspend=y,address=localhost:54198 -Dprogram.name=JBossTools: Red Hat JBoss EAP 7.3 -Xms1303m -Xmx1303m -XX:MetaspaceSize=96M -XX:MaxMetaspaceSize=256m -Dorg.jboss.resolver.warning=true -Djava.net.preferIPv4Stack=true -Dsun.rmi.dgc.client.gcInterval=3600000 -Dsun.rmi.dgc.server.gcInterval=3600000 -Djboss.modules.system.pkgs=org.jboss.byteman -Djava.awt.headless=true -Dorg.jboss.boot.log.file=D:\LVTN\jboss-eap-7.3\standalone\log\boot.log -Dlogging.configuration=file:D:\LVTN\jboss-eap-7.3\standalone\configuration\logging.properties -Djboss.home.dir=D:\LVTN\jboss-eap-7.3 -Dorg.jboss.logmanager.nocolor=true -Djboss.bind.address.management=localhost -Dfile.encoding=UTF-8 
2020-12-07 14:00:36,120 INFO  [org.wildfly.security] (ServerService Thread Pool -- 28) ELY00001: WildFly Elytron version 1.10.4.Final-redhat-00001
2020-12-07 14:00:37,404 INFO  [org.jboss.as.controller.management-deprecated] (Controller Boot Thread) WFLYCTL0028: Attribute 'security-realm' in the resource at address '/core-service=management/management-interface=http-interface' is deprecated, and may be removed in a future version. See the attribute description in the output of the read-resource-description operation to learn more about the deprecation.
2020-12-07 14:00:37,418 INFO  [org.jboss.as.controller.management-deprecated] (ServerService Thread Pool -- 27) WFLYCTL0028: Attribute 'security-realm' in the resource at address '/subsystem=undertow/server=default-server/https-listener=https' is deprecated, and may be removed in a future version. See the attribute description in the output of the read-resource-description operation to learn more about the deprecation.
2020-12-07 14:00:37,496 INFO  [org.jboss.as.server.deployment.scanner] (DeploymentScanner-threads - 1) WFLYDS0004: Found HappyGraden.war in deployment directory. To trigger deployment create a file called HappyGraden.war.dodeploy
2020-12-07 14:00:37,513 INFO  [org.jboss.as.server] (Controller Boot Thread) WFLYSRV0039: Creating http management service using socket-binding (management-http)
2020-12-07 14:00:37,524 INFO  [org.xnio] (MSC service thread 1-2) XNIO version 3.7.7.Final-redhat-00001
2020-12-07 14:00:37,529 INFO  [org.xnio.nio] (MSC service thread 1-2) XNIO NIO Implementation Version 3.7.7.Final-redhat-00001
2020-12-07 14:00:37,551 WARN  [org.jboss.as.txn] (ServerService Thread Pool -- 72) WFLYTX0013: The node-identifier attribute on the /subsystem=transactions is set to the default value. This is a danger for environments running multiple servers. Please make sure the attribute value is unique.
2020-12-07 14:00:37,559 INFO  [org.wildfly.extension.microprofile.config.smallrye._private] (ServerService Thread Pool -- 60) WFLYCONF0001: Activating WildFly MicroProfile Config Subsystem
2020-12-07 14:00:37,559 INFO  [org.jboss.as.clustering.infinispan] (ServerService Thread Pool -- 51) WFLYCLINF0001: Activating Infinispan subsystem.
2020-12-07 14:00:37,565 INFO  [org.jboss.as.naming] (ServerService Thread Pool -- 64) WFLYNAM0001: Activating Naming Subsystem
2020-12-07 14:00:37,567 INFO  [org.wildfly.extension.microprofile.opentracing] (ServerService Thread Pool -- 63) WFLYTRACEXT0001: Activating MicroProfile OpenTracing Subsystem
2020-12-07 14:00:37,572 INFO  [org.wildfly.extension.io] (ServerService Thread Pool -- 52) WFLYIO001: Worker 'default' has auto-configured to 24 core threads with 192 task threads based on your 12 available processors
2020-12-07 14:00:37,572 INFO  [org.jboss.as.security] (ServerService Thread Pool -- 70) WFLYSEC0002: Activating Security Subsystem
2020-12-07 14:00:37,576 INFO  [org.wildfly.extension.microprofile.health.smallrye] (ServerService Thread Pool -- 61) WFLYHEALTH0001: Activating Eclipse MicroProfile Health Subsystem
2020-12-07 14:00:37,577 INFO  [org.jboss.as.webservices] (ServerService Thread Pool -- 74) WFLYWS0002: Activating WebServices Extension
2020-12-07 14:00:37,578 INFO  [org.jboss.as.jsf] (ServerService Thread Pool -- 58) WFLYJSF0007: Activated the following JSF Implementations: [main]
2020-12-07 14:00:37,585 INFO  [org.jboss.as.connector] (MSC service thread 1-4) WFLYJCA0009: Starting JCA Subsystem (WildFly/IronJacamar 1.4.19.Final-redhat-00001)
2020-12-07 14:00:37,590 INFO  [org.wildfly.extension.microprofile.metrics.smallrye] (ServerService Thread Pool -- 62) WFLYMETRICS0001: Activating Eclipse MicroProfile Metrics Subsystem
2020-12-07 14:00:37,594 INFO  [org.jboss.as.security] (MSC service thread 1-6) WFLYSEC0001: Current PicketBox version=5.0.3.Final-redhat-00005
2020-12-07 14:00:37,606 INFO  [org.jboss.as.connector.subsystems.datasources] (ServerService Thread Pool -- 43) WFLYJCA0004: Deploying JDBC-compliant driver class org.h2.Driver (version 1.4)
2020-12-07 14:00:37,616 INFO  [org.wildfly.extension.undertow] (MSC service thread 1-7) WFLYUT0003: Undertow 2.0.28.SP1-redhat-00001 starting
2020-12-07 14:00:37,642 INFO  [org.jboss.as.connector.deployers.jdbc] (MSC service thread 1-6) WFLYJCA0018: Started Driver service with driver-name = h2
2020-12-07 14:00:37,666 INFO  [org.jboss.as.naming] (MSC service thread 1-6) WFLYNAM0003: Starting Naming Service
2020-12-07 14:00:37,670 INFO  [org.jboss.as.mail.extension] (MSC service thread 1-6) WFLYMAIL0001: Bound mail session [java:jboss/mail/Default]
2020-12-07 14:00:37,708 INFO  [org.wildfly.extension.undertow] (ServerService Thread Pool -- 73) WFLYUT0014: Creating file handler for path 'D:\LVTN\jboss-eap-7.3/welcome-content' with options [directory-listing: 'false', follow-symlink: 'false', case-sensitive: 'true', safe-symlink-paths: '[]']
2020-12-07 14:00:37,737 INFO  [org.jboss.as.ejb3] (MSC service thread 1-5) WFLYEJB0482: Strict pool mdb-strict-max-pool is using a max instance size of 48 (per class), which is derived from the number of CPUs on this host.
2020-12-07 14:00:37,737 INFO  [org.jboss.as.ejb3] (MSC service thread 1-3) WFLYEJB0481: Strict pool slsb-strict-max-pool is using a max instance size of 192 (per class), which is derived from thread worker pool sizing.
2020-12-07 14:00:37,739 INFO  [org.jboss.remoting] (MSC service thread 1-1) JBoss Remoting version 5.0.16.Final-redhat-00001
2020-12-07 14:00:37,756 INFO  [org.wildfly.extension.undertow] (MSC service thread 1-2) WFLYUT0012: Started server default-server.
2020-12-07 14:00:37,759 INFO  [org.wildfly.extension.undertow] (MSC service thread 1-8) WFLYUT0018: Host default-host starting
2020-12-07 14:00:37,799 INFO  [org.wildfly.extension.undertow] (MSC service thread 1-3) WFLYUT0006: Undertow HTTP listener default listening on 127.0.0.1:8080
2020-12-07 14:00:37,840 INFO  [org.jboss.as.ejb3] (MSC service thread 1-5) WFLYEJB0493: EJB subsystem suspension complete
2020-12-07 14:00:37,870 INFO  [org.jboss.as.jaxrs] (ServerService Thread Pool -- 53) WFLYRS0016: RESTEasy version 3.9.3.SP1-redhat-00001
2020-12-07 14:00:37,876 INFO  [org.jboss.as.connector.subsystems.datasources] (MSC service thread 1-5) WFLYJCA0001: Bound data source [java:jboss/datasources/ExampleDS]
2020-12-07 14:00:39,423 INFO  [org.jboss.as.patching] (MSC service thread 1-3) WFLYPAT0050: JBoss EAP cumulative patch ID is: base, one-off patches include: none
